02-Oct-2024 15:50:14.986 INFO [http-nio-9999-exec-4] org.apache.catalina.core.ApplicationContext.log Manager: init: Associated with Deployer 'Catalina:type=Deployer,host=localhost'
02-Oct-2024 15:50:14.986 INFO [http-nio-9999-exec-4] org.apache.catalina.core.ApplicationContext.log Manager: init: Global resources are available
02-Oct-2024 15:50:15.024 INFO [http-nio-9999-exec-7] org.apache.catalina.core.ApplicationContext.log Manager: list: Listing contexts for virtual host 'localhost'
02-Oct-2024 15:50:15.028 INFO [http-nio-9999-exec-8] org.apache.catalina.core.ApplicationContext.log Manager: list: Listing contexts for virtual host 'localhost'
02-Oct-2024 15:50:15.092 INFO [http-nio-9999-exec-9] org.apache.catalina.core.ApplicationContext.log Manager: restart: Reloading web application '/freezegroup2'
02-Oct-2024 15:50:44.820 INFO [http-nio-9999-exec-16] org.apache.catalina.core.ApplicationContext.log Manager: list: Listing contexts for virtual host 'localhost'
02-Oct-2024 15:51:51.832 INFO [http-nio-9999-exec-16] org.apache.catalina.core.ApplicationContext.log Manager: list: Listing contexts for virtual host 'localhost'
02-Oct-2024 15:53:00.297 INFO [http-nio-9999-exec-19] org.apache.catalina.core.ApplicationContext.log Manager: list: Listing contexts for virtual host 'localhost'
02-Oct-2024 15:53:13.000 INFO [http-nio-9999-exec-18] org.apache.catalina.core.ApplicationContext.log Manager: list: Listing contexts for virtual host 'localhost'
02-Oct-2024 15:53:13.094 INFO [http-nio-9999-exec-17] org.apache.catalina.core.ApplicationContext.log Manager: list: Listing contexts for virtual host 'localhost'
02-Oct-2024 15:53:13.102 INFO [http-nio-9999-exec-18] org.apache.catalina.core.ApplicationContext.log Manager: undeploy: Undeploying web application at '/freezegroup2'
02-Oct-2024 15:53:16.701 INFO [http-nio-9999-exec-15] org.apache.catalina.core.ApplicationContext.log Manager: list: Listing contexts for virtual host 'localhost'
02-Oct-2024 15:53:16.704 INFO [http-nio-9999-exec-16] org.apache.catalina.core.ApplicationContext.log Manager: list: Listing contexts for virtual host 'localhost'
02-Oct-2024 15:53:16.707 INFO [http-nio-9999-exec-19] org.apache.catalina.core.ApplicationContext.log Manager: install: Installing context configuration at 'file:/C:/Users/ACERAS~1/AppData/Local/Temp/context11465137898353115646.xml'
02-Oct-2024 15:53:17.328 INFO [http-nio-9999-exec-11] org.apache.catalina.core.ApplicationContext.log Manager: start: Starting web application '/freezegroup2'
02-Oct-2024 15:53:29.912 INFO [http-nio-9999-exec-13] org.apache.catalina.core.ApplicationContext.log Manager: list: Listing contexts for virtual host 'localhost'
02-Oct-2024 15:53:45.509 INFO [http-nio-9999-exec-23] org.apache.catalina.core.ApplicationContext.log Manager: list: Listing contexts for virtual host 'localhost'
02-Oct-2024 15:54:34.892 INFO [http-nio-9999-exec-24] org.apache.catalina.core.ApplicationContext.log Manager: list: Listing contexts for virtual host 'localhost'
02-Oct-2024 15:59:05.736 INFO [http-nio-9999-exec-25] org.apache.catalina.core.ApplicationContext.log Manager: list: Listing contexts for virtual host 'localhost'
02-Oct-2024 15:59:10.974 INFO [http-nio-9999-exec-24] org.apache.catalina.core.ApplicationContext.log Manager: list: Listing contexts for virtual host 'localhost'
02-Oct-2024 15:59:10.974 INFO [http-nio-9999-exec-28] org.apache.catalina.core.ApplicationContext.log Manager: undeploy: Undeploying web application at '/freezegroup2'
02-Oct-2024 15:59:13.731 INFO [http-nio-9999-exec-23] org.apache.catalina.core.ApplicationContext.log Manager: list: Listing contexts for virtual host 'localhost'
02-Oct-2024 15:59:13.734 INFO [http-nio-9999-exec-26] org.apache.catalina.core.ApplicationContext.log Manager: list: Listing contexts for virtual host 'localhost'
02-Oct-2024 15:59:13.737 INFO [http-nio-9999-exec-25] org.apache.catalina.core.ApplicationContext.log Manager: install: Installing context configuration at 'file:/C:/Users/ACERAS~1/AppData/Local/Temp/context14021783668040513786.xml'
02-Oct-2024 15:59:14.345 INFO [http-nio-9999-exec-21] org.apache.catalina.core.ApplicationContext.log Manager: start: Starting web application '/freezegroup2'
02-Oct-2024 15:59:33.851 INFO [http-nio-9999-exec-27] org.apache.catalina.core.ApplicationContext.log Manager: list: Listing contexts for virtual host 'localhost'
02-Oct-2024 16:00:10.256 INFO [http-nio-9999-exec-34] org.apache.catalina.core.ApplicationContext.log Manager: list: Listing contexts for virtual host 'localhost'
02-Oct-2024 16:00:49.498 INFO [http-nio-9999-exec-34] org.apache.catalina.core.ApplicationContext.log Manager: list: Listing contexts for virtual host 'localhost'
02-Oct-2024 16:00:58.521 INFO [http-nio-9999-exec-35] org.apache.catalina.core.ApplicationContext.log Manager: list: Listing contexts for virtual host 'localhost'
02-Oct-2024 16:01:42.273 INFO [http-nio-9999-exec-39] org.apache.catalina.core.ApplicationContext.log Manager: list: Listing contexts for virtual host 'localhost'
02-Oct-2024 16:02:12.883 INFO [http-nio-9999-exec-31] org.apache.catalina.core.ApplicationContext.log Manager: list: Listing contexts for virtual host 'localhost'
02-Oct-2024 16:02:32.870 INFO [http-nio-9999-exec-37] org.apache.catalina.core.ApplicationContext.log Manager: list: Listing contexts for virtual host 'localhost'
02-Oct-2024 16:03:02.869 INFO [http-nio-9999-exec-40] org.apache.catalina.core.ApplicationContext.log Manager: list: Listing contexts for virtual host 'localhost'
02-Oct-2024 16:03:32.713 INFO [http-nio-9999-exec-34] org.apache.catalina.core.ApplicationContext.log Manager: list: Listing contexts for virtual host 'localhost'
02-Oct-2024 16:04:01.285 INFO [http-nio-9999-exec-32] org.apache.catalina.core.ApplicationContext.log Manager: list: Listing contexts for virtual host 'localhost'
02-Oct-2024 16:05:04.428 INFO [http-nio-9999-exec-31] org.apache.catalina.core.ApplicationContext.log Manager: list: Listing contexts for virtual host 'localhost'
02-Oct-2024 16:05:04.428 INFO [http-nio-9999-exec-40] org.apache.catalina.core.ApplicationContext.log Manager: undeploy: Undeploying web application at '/freezegroup2'
02-Oct-2024 16:05:06.825 INFO [http-nio-9999-exec-42] org.apache.catalina.core.ApplicationContext.log Manager: list: Listing contexts for virtual host 'localhost'
02-Oct-2024 16:05:06.825 INFO [http-nio-9999-exec-37] org.apache.catalina.core.ApplicationContext.log Manager: list: Listing contexts for virtual host 'localhost'
02-Oct-2024 16:05:06.833 INFO [http-nio-9999-exec-34] org.apache.catalina.core.ApplicationContext.log Manager: install: Installing context configuration at 'file:/C:/Users/ACERAS~1/AppData/Local/Temp/context4850835640733157795.xml'
02-Oct-2024 16:05:07.394 INFO [http-nio-9999-exec-36] org.apache.catalina.core.ApplicationContext.log Manager: start: Starting web application '/freezegroup2'
02-Oct-2024 16:05:29.130 INFO [http-nio-9999-exec-35] org.apache.catalina.core.ApplicationContext.log Manager: list: Listing contexts for virtual host 'localhost'
02-Oct-2024 16:05:29.130 INFO [http-nio-9999-exec-38] org.apache.catalina.core.ApplicationContext.log Manager: list: Listing contexts for virtual host 'localhost'
02-Oct-2024 16:05:59.551 INFO [http-nio-9999-exec-43] org.apache.catalina.core.ApplicationContext.log Manager: list: Listing contexts for virtual host 'localhost'
02-Oct-2024 16:06:19.168 INFO [http-nio-9999-exec-49] org.apache.catalina.core.ApplicationContext.log Manager: list: Listing contexts for virtual host 'localhost'
02-Oct-2024 16:07:50.470 INFO [http-nio-9999-exec-48] org.apache.catalina.core.ApplicationContext.log Manager: list: Listing contexts for virtual host 'localhost'
02-Oct-2024 16:10:06.987 INFO [http-nio-9999-exec-44] org.apache.catalina.core.ApplicationContext.log Manager: list: Listing contexts for virtual host 'localhost'
02-Oct-2024 16:10:23.589 INFO [http-nio-9999-exec-41] org.apache.catalina.core.ApplicationContext.log Manager: list: Listing contexts for virtual host 'localhost'
02-Oct-2024 16:18:47.852 INFO [http-nio-9999-exec-45] org.apache.catalina.core.ApplicationContext.log Manager: list: Listing contexts for virtual host 'localhost'
02-Oct-2024 16:28:48.279 INFO [http-nio-9999-exec-44] org.apache.catalina.core.ApplicationContext.log Manager: list: Listing contexts for virtual host 'localhost'
02-Oct-2024 16:28:48.281 INFO [http-nio-9999-exec-48] org.apache.catalina.core.ApplicationContext.log Manager: list: Listing contexts for virtual host 'localhost'
02-Oct-2024 16:41:13.315 INFO [http-nio-9999-exec-44] org.apache.catalina.core.ApplicationContext.log Manager: list: Listing contexts for virtual host 'localhost'
02-Oct-2024 16:41:13.320 INFO [http-nio-9999-exec-50] org.apache.catalina.core.ApplicationContext.log Manager: restart: Reloading web application '/freezegroup2'
02-Oct-2024 16:45:33.810 INFO [http-nio-9999-exec-52] org.apache.catalina.core.ApplicationContext.log Manager: list: Listing contexts for virtual host 'localhost'
02-Oct-2024 16:45:33.815 INFO [http-nio-9999-exec-59] org.apache.catalina.core.ApplicationContext.log Manager: restart: Reloading web application '/freezegroup2'
02-Oct-2024 16:54:19.311 INFO [http-nio-9999-exec-64] org.apache.catalina.core.ApplicationContext.log Manager: list: Listing contexts for virtual host 'localhost'
02-Oct-2024 16:54:19.315 INFO [http-nio-9999-exec-61] org.apache.catalina.core.ApplicationContext.log Manager: restart: Reloading web application '/freezegroup2'
02-Oct-2024 17:10:38.419 INFO [http-nio-9999-exec-75] org.apache.catalina.core.ApplicationContext.log Manager: list: Listing contexts for virtual host 'localhost'
02-Oct-2024 18:14:10.403 INFO [http-nio-9999-exec-74] org.apache.catalina.core.ApplicationContext.log Manager: list: Listing contexts for virtual host 'localhost'
02-Oct-2024 18:14:10.405 INFO [http-nio-9999-exec-77] org.apache.catalina.core.ApplicationContext.log Manager: list: Listing contexts for virtual host 'localhost'
02-Oct-2024 18:14:10.456 INFO [http-nio-9999-exec-71] org.apache.catalina.core.ApplicationContext.log Manager: restart: Reloading web application '/freezegroup2'
02-Oct-2024 18:14:49.237 INFO [http-nio-9999-exec-85] org.apache.catalina.core.ApplicationContext.log Manager: list: Listing contexts for virtual host 'localhost'
02-Oct-2024 18:14:49.240 INFO [http-nio-9999-exec-84] org.apache.catalina.core.ApplicationContext.log Manager: restart: Reloading web application '/freezegroup2'
02-Oct-2024 18:14:51.120 INFO [http-nio-9999-exec-86] org.apache.catalina.core.ApplicationContext.log Manager: list: Listing contexts for virtual host 'localhost'
02-Oct-2024 18:14:51.124 INFO [http-nio-9999-exec-87] org.apache.catalina.core.ApplicationContext.log Manager: restart: Reloading web application '/freezegroup2'
02-Oct-2024 18:15:06.670 INFO [http-nio-9999-exec-70] org.apache.catalina.core.ApplicationContext.log Manager: list: Listing contexts for virtual host 'localhost'
02-Oct-2024 18:15:06.673 INFO [http-nio-9999-exec-88] org.apache.catalina.core.ApplicationContext.log Manager: restart: Reloading web application '/freezegroup2'
02-Oct-2024 18:17:04.548 INFO [http-nio-9999-exec-96] org.apache.catalina.core.ApplicationContext.log Manager: list: Listing contexts for virtual host 'localhost'
02-Oct-2024 18:17:04.552 INFO [http-nio-9999-exec-98] org.apache.catalina.core.ApplicationContext.log Manager: restart: Reloading web application '/freezegroup2'
02-Oct-2024 18:17:05.445 INFO [http-nio-9999-exec-96] org.apache.catalina.core.ApplicationContext.log Manager: list: Listing contexts for virtual host 'localhost'
02-Oct-2024 18:17:05.452 INFO [http-nio-9999-exec-94] org.apache.catalina.core.ApplicationContext.log Manager: restart: Reloading web application '/freezegroup2'
02-Oct-2024 18:17:20.218 INFO [http-nio-9999-exec-94] org.apache.catalina.core.ApplicationContext.log Manager: list: Listing contexts for virtual host 'localhost'
02-Oct-2024 18:17:20.221 INFO [http-nio-9999-exec-100] org.apache.catalina.core.ApplicationContext.log Manager: restart: Reloading web application '/freezegroup2'
02-Oct-2024 18:19:08.861 INFO [http-nio-9999-exec-91] org.apache.catalina.core.ApplicationContext.log Manager: list: Listing contexts for virtual host 'localhost'
02-Oct-2024 18:19:08.864 INFO [http-nio-9999-exec-103] org.apache.catalina.core.ApplicationContext.log Manager: restart: Reloading web application '/freezegroup2'
02-Oct-2024 18:19:53.777 INFO [http-nio-9999-exec-105] org.apache.catalina.core.ApplicationContext.log Manager: list: Listing contexts for virtual host 'localhost'
02-Oct-2024 18:19:53.780 INFO [http-nio-9999-exec-100] org.apache.catalina.core.ApplicationContext.log Manager: restart: Reloading web application '/freezegroup2'
02-Oct-2024 18:20:04.215 INFO [http-nio-9999-exec-91] org.apache.catalina.core.ApplicationContext.log Manager: list: Listing contexts for virtual host 'localhost'
02-Oct-2024 18:20:04.219 INFO [http-nio-9999-exec-101] org.apache.catalina.core.ApplicationContext.log Manager: restart: Reloading web application '/freezegroup2'
02-Oct-2024 18:20:05.090 INFO [http-nio-9999-exec-99] org.apache.catalina.core.ApplicationContext.log Manager: list: Listing contexts for virtual host 'localhost'
02-Oct-2024 18:20:05.096 INFO [http-nio-9999-exec-107] org.apache.catalina.core.ApplicationContext.log Manager: restart: Reloading web application '/freezegroup2'
02-Oct-2024 18:21:27.058 INFO [http-nio-9999-exec-100] org.apache.catalina.core.ApplicationContext.log Manager: list: Listing contexts for virtual host 'localhost'
02-Oct-2024 18:21:27.061 INFO [http-nio-9999-exec-105] org.apache.catalina.core.ApplicationContext.log Manager: restart: Reloading web application '/freezegroup2'
02-Oct-2024 18:30:11.518 INFO [http-nio-9999-exec-120] org.apache.catalina.core.ApplicationContext.log Manager: list: Listing contexts for virtual host 'localhost'
02-Oct-2024 18:30:11.549 INFO [http-nio-9999-exec-119] org.apache.catalina.core.ApplicationContext.log Manager: list: Listing contexts for virtual host 'localhost'
02-Oct-2024 18:30:15.065 INFO [http-nio-9999-exec-116] org.apache.catalina.core.ApplicationContext.log Manager: list: Listing contexts for virtual host 'localhost'
02-Oct-2024 18:30:15.096 INFO [http-nio-9999-exec-119] org.apache.catalina.core.ApplicationContext.log Manager: list: Listing contexts for virtual host 'localhost'
02-Oct-2024 18:30:20.454 INFO [http-nio-9999-exec-116] org.apache.catalina.core.ApplicationContext.log Manager: list: Listing contexts for virtual host 'localhost'
02-Oct-2024 18:30:20.483 INFO [http-nio-9999-exec-119] org.apache.catalina.core.ApplicationContext.log Manager: list: Listing contexts for virtual host 'localhost'
02-Oct-2024 18:30:36.231 INFO [http-nio-9999-exec-112] org.apache.catalina.core.ApplicationContext.log Manager: list: Listing contexts for virtual host 'localhost'
02-Oct-2024 18:30:49.191 INFO [http-nio-9999-exec-118] org.apache.catalina.core.ApplicationContext.log Manager: list: Listing contexts for virtual host 'localhost'
02-Oct-2024 18:30:52.722 INFO [http-nio-9999-exec-119] org.apache.catalina.core.ApplicationContext.log Manager: list: Listing contexts for virtual host 'localhost'
