28-Sep-2024 10:12:30.904 INFO [http-nio-9999-exec-3] org.apache.catalina.core.ApplicationContext.log Manager: init: Associated with Deployer 'Catalina:type=Deployer,host=localhost'
28-Sep-2024 10:12:30.904 INFO [http-nio-9999-exec-3] org.apache.catalina.core.ApplicationContext.log Manager: init: Global resources are available
28-Sep-2024 10:12:30.943 INFO [http-nio-9999-exec-8] org.apache.catalina.core.ApplicationContext.log Manager: list: Listing contexts for virtual host 'localhost'
28-Sep-2024 10:12:30.947 INFO [http-nio-9999-exec-7] org.apache.catalina.core.ApplicationContext.log Manager: list: Listing contexts for virtual host 'localhost'
28-Sep-2024 10:12:30.965 INFO [http-nio-9999-exec-9] org.apache.catalina.core.ApplicationContext.log Manager: install: Installing context configuration at 'file:/C:/Users/ACERAS~1/AppData/Local/Temp/context14796838689406248174.xml'
28-Sep-2024 10:12:31.690 INFO [http-nio-9999-exec-10] org.apache.catalina.core.ApplicationContext.log Manager: start: Starting web application '/freezegroup2'
28-Sep-2024 10:13:46.903 INFO [http-nio-9999-exec-7] org.apache.catalina.core.ApplicationContext.log Manager: list: Listing contexts for virtual host 'localhost'
28-Sep-2024 10:13:46.911 INFO [http-nio-9999-exec-9] org.apache.catalina.core.ApplicationContext.log Manager: stop: Stopping web application '/freezegroup2'
28-Sep-2024 10:13:46.926 INFO [http-nio-9999-exec-7] org.apache.catalina.core.ApplicationContext.log Manager: start: Starting web application '/freezegroup2'
28-Sep-2024 11:48:50.839 INFO [http-nio-9999-exec-13] org.apache.catalina.core.ApplicationContext.log Manager: list: Listing contexts for virtual host 'localhost'
28-Sep-2024 11:48:50.845 INFO [http-nio-9999-exec-16] org.apache.catalina.core.ApplicationContext.log Manager: restart: Reloading web application '/freezegroup2'
28-Sep-2024 11:49:11.095 INFO [http-nio-9999-exec-23] org.apache.catalina.core.ApplicationContext.log Manager: list: Listing contexts for virtual host 'localhost'
28-Sep-2024 11:49:11.099 INFO [http-nio-9999-exec-18] org.apache.catalina.core.ApplicationContext.log Manager: restart: Reloading web application '/freezegroup2'
28-Sep-2024 11:49:20.812 INFO [http-nio-9999-exec-12] org.apache.catalina.core.ApplicationContext.log Manager: list: Listing contexts for virtual host 'localhost'
28-Sep-2024 11:49:20.817 INFO [http-nio-9999-exec-20] org.apache.catalina.core.ApplicationContext.log Manager: restart: Reloading web application '/freezegroup2'
28-Sep-2024 11:50:39.570 INFO [http-nio-9999-exec-12] org.apache.catalina.core.ApplicationContext.log Manager: list: Listing contexts for virtual host 'localhost'
28-Sep-2024 11:50:39.572 INFO [http-nio-9999-exec-23] org.apache.catalina.core.ApplicationContext.log Manager: list: Listing contexts for virtual host 'localhost'
28-Sep-2024 11:50:39.619 INFO [http-nio-9999-exec-22] org.apache.catalina.core.ApplicationContext.log Manager: stop: Stopping web application '/freezegroup2'
28-Sep-2024 11:50:39.622 INFO [http-nio-9999-exec-23] org.apache.catalina.core.ApplicationContext.log Manager: start: Starting web application '/freezegroup2'
28-Sep-2024 11:51:21.362 INFO [http-nio-9999-exec-14] org.apache.catalina.core.ApplicationContext.log Manager: list: Listing contexts for virtual host 'localhost'
28-Sep-2024 11:51:21.366 INFO [http-nio-9999-exec-22] org.apache.catalina.core.ApplicationContext.log Manager: restart: Reloading web application '/freezegroup2'
28-Sep-2024 11:52:33.386 INFO [http-nio-9999-exec-14] org.apache.catalina.core.ApplicationContext.log Manager: list: Listing contexts for virtual host 'localhost'
28-Sep-2024 11:52:33.389 INFO [http-nio-9999-exec-17] org.apache.catalina.core.ApplicationContext.log Manager: restart: Reloading web application '/freezegroup2'
28-Sep-2024 11:53:01.016 INFO [http-nio-9999-exec-31] org.apache.catalina.core.ApplicationContext.log Manager: list: Listing contexts for virtual host 'localhost'
28-Sep-2024 11:53:01.156 INFO [http-nio-9999-exec-17] org.apache.catalina.core.ApplicationContext.log Manager: list: Listing contexts for virtual host 'localhost'
28-Sep-2024 11:56:45.429 INFO [http-nio-9999-exec-12] org.apache.catalina.core.ApplicationContext.log Manager: list: Listing contexts for virtual host 'localhost'
28-Sep-2024 11:56:45.433 INFO [http-nio-9999-exec-28] org.apache.catalina.core.ApplicationContext.log Manager: undeploy: Undeploying web application at '/freezegroup2'
28-Sep-2024 11:59:29.664 INFO [http-nio-9999-exec-36] org.apache.catalina.core.ApplicationContext.log Manager: list: Listing contexts for virtual host 'localhost'
28-Sep-2024 12:00:04.552 INFO [http-nio-9999-exec-17] org.apache.catalina.core.ApplicationContext.log Manager: list: Listing contexts for virtual host 'localhost'
28-Sep-2024 12:00:19.381 INFO [http-nio-9999-exec-41] org.apache.catalina.core.ApplicationContext.log Manager: list: Listing contexts for virtual host 'localhost'
28-Sep-2024 12:01:01.048 INFO [http-nio-9999-exec-42] org.apache.catalina.core.ApplicationContext.log Manager: list: Listing contexts for virtual host 'localhost'
28-Sep-2024 12:02:38.489 INFO [http-nio-9999-exec-41] org.apache.catalina.core.ApplicationContext.log Manager: list: Listing contexts for virtual host 'localhost'
28-Sep-2024 12:03:16.688 INFO [http-nio-9999-exec-46] org.apache.catalina.core.ApplicationContext.log Manager: list: Listing contexts for virtual host 'localhost'
28-Sep-2024 12:04:20.970 INFO [http-nio-9999-exec-43] org.apache.catalina.core.ApplicationContext.log Manager: list: Listing contexts for virtual host 'localhost'
28-Sep-2024 12:04:46.827 INFO [http-nio-9999-exec-45] org.apache.catalina.core.ApplicationContext.log Manager: list: Listing contexts for virtual host 'localhost'
28-Sep-2024 12:05:12.898 INFO [http-nio-9999-exec-42] org.apache.catalina.core.ApplicationContext.log Manager: list: Listing contexts for virtual host 'localhost'
28-Sep-2024 12:06:34.772 INFO [http-nio-9999-exec-44] org.apache.catalina.core.ApplicationContext.log Manager: list: Listing contexts for virtual host 'localhost'
28-Sep-2024 12:06:37.873 INFO [http-nio-9999-exec-45] org.apache.catalina.core.ApplicationContext.log Manager: list: Listing contexts for virtual host 'localhost'
28-Sep-2024 12:06:40.919 INFO [http-nio-9999-exec-47] org.apache.catalina.core.ApplicationContext.log Manager: list: Listing contexts for virtual host 'localhost'
28-Sep-2024 12:07:18.252 INFO [http-nio-9999-exec-44] org.apache.catalina.core.ApplicationContext.log Manager: list: Listing contexts for virtual host 'localhost'
28-Sep-2024 12:07:31.514 INFO [http-nio-9999-exec-39] org.apache.catalina.core.ApplicationContext.log Manager: list: Listing contexts for virtual host 'localhost'
28-Sep-2024 12:08:07.797 INFO [http-nio-9999-exec-42] org.apache.catalina.core.ApplicationContext.log Manager: list: Listing contexts for virtual host 'localhost'
28-Sep-2024 12:08:44.304 INFO [http-nio-9999-exec-41] org.apache.catalina.core.ApplicationContext.log Manager: list: Listing contexts for virtual host 'localhost'
28-Sep-2024 12:34:33.571 INFO [http-nio-9999-exec-47] org.apache.catalina.core.ApplicationContext.log Manager: list: Listing contexts for virtual host 'localhost'
28-Sep-2024 12:34:52.846 INFO [http-nio-9999-exec-39] org.apache.catalina.core.ApplicationContext.log Manager: list: Listing contexts for virtual host 'localhost'
28-Sep-2024 12:34:52.847 INFO [http-nio-9999-exec-42] org.apache.catalina.core.ApplicationContext.log Manager: list: Listing contexts for virtual host 'localhost'
28-Sep-2024 12:34:52.858 INFO [http-nio-9999-exec-43] org.apache.catalina.core.ApplicationContext.log Manager: install: Installing context configuration at 'file:/C:/Users/ACERAS~1/AppData/Local/Temp/context3398133310945611674.xml'
28-Sep-2024 12:34:53.389 INFO [http-nio-9999-exec-48] org.apache.catalina.core.ApplicationContext.log Manager: start: Starting web application '/freezegroup2'
28-Sep-2024 12:35:45.271 INFO [http-nio-9999-exec-40] org.apache.catalina.core.ApplicationContext.log Manager: list: Listing contexts for virtual host 'localhost'
28-Sep-2024 12:37:57.281 INFO [http-nio-9999-exec-41] org.apache.catalina.core.ApplicationContext.log Manager: list: Listing contexts for virtual host 'localhost'
28-Sep-2024 23:51:00.940 INFO [http-nio-9999-exec-45] org.apache.catalina.core.ApplicationContext.log Manager: list: Listing contexts for virtual host 'localhost'
28-Sep-2024 23:51:00.966 INFO [http-nio-9999-exec-42] org.apache.catalina.core.ApplicationContext.log Manager: restart: Reloading web application '/freezegroup2'
28-Sep-2024 23:51:23.967 INFO [http-nio-9999-exec-40] org.apache.catalina.core.ApplicationContext.log Manager: list: Listing contexts for virtual host 'localhost'
28-Sep-2024 23:51:23.973 INFO [http-nio-9999-exec-45] org.apache.catalina.core.ApplicationContext.log Manager: restart: Reloading web application '/freezegroup2'
28-Sep-2024 23:54:37.460 INFO [http-nio-9999-exec-41] org.apache.catalina.core.ApplicationContext.log Manager: list: Listing contexts for virtual host 'localhost'
28-Sep-2024 23:54:37.464 INFO [http-nio-9999-exec-54] org.apache.catalina.core.ApplicationContext.log Manager: restart: Reloading web application '/freezegroup2'
28-Sep-2024 23:54:38.352 INFO [http-nio-9999-exec-41] org.apache.catalina.core.ApplicationContext.log Manager: list: Listing contexts for virtual host 'localhost'
28-Sep-2024 23:54:38.362 INFO [http-nio-9999-exec-52] org.apache.catalina.core.ApplicationContext.log Manager: restart: Reloading web application '/freezegroup2'
28-Sep-2024 23:54:39.263 INFO [http-nio-9999-exec-46] org.apache.catalina.core.ApplicationContext.log Manager: list: Listing contexts for virtual host 'localhost'
28-Sep-2024 23:54:39.266 INFO [http-nio-9999-exec-54] org.apache.catalina.core.ApplicationContext.log Manager: restart: Reloading web application '/freezegroup2'
28-Sep-2024 23:55:18.304 INFO [http-nio-9999-exec-45] org.apache.catalina.core.ApplicationContext.log Manager: list: Listing contexts for virtual host 'localhost'
28-Sep-2024 23:55:18.308 INFO [http-nio-9999-exec-51] org.apache.catalina.core.ApplicationContext.log Manager: restart: Reloading web application '/freezegroup2'
28-Sep-2024 23:55:19.171 INFO [http-nio-9999-exec-41] org.apache.catalina.core.ApplicationContext.log Manager: list: Listing contexts for virtual host 'localhost'
28-Sep-2024 23:55:19.176 INFO [http-nio-9999-exec-49] org.apache.catalina.core.ApplicationContext.log Manager: restart: Reloading web application '/freezegroup2'
28-Sep-2024 23:55:25.205 INFO [http-nio-9999-exec-41] org.apache.catalina.core.ApplicationContext.log Manager: list: Listing contexts for virtual host 'localhost'
28-Sep-2024 23:55:25.210 INFO [http-nio-9999-exec-50] org.apache.catalina.core.ApplicationContext.log Manager: restart: Reloading web application '/freezegroup2'
28-Sep-2024 23:55:26.096 INFO [http-nio-9999-exec-48] org.apache.catalina.core.ApplicationContext.log Manager: list: Listing contexts for virtual host 'localhost'
28-Sep-2024 23:55:26.100 INFO [http-nio-9999-exec-46] org.apache.catalina.core.ApplicationContext.log Manager: restart: Reloading web application '/freezegroup2'
28-Sep-2024 23:55:46.570 INFO [http-nio-9999-exec-56] org.apache.catalina.core.ApplicationContext.log Manager: list: Listing contexts for virtual host 'localhost'
28-Sep-2024 23:55:46.574 INFO [http-nio-9999-exec-58] org.apache.catalina.core.ApplicationContext.log Manager: restart: Reloading web application '/freezegroup2'
28-Sep-2024 23:55:47.420 INFO [http-nio-9999-exec-60] org.apache.catalina.core.ApplicationContext.log Manager: list: Listing contexts for virtual host 'localhost'
28-Sep-2024 23:55:47.425 INFO [http-nio-9999-exec-59] org.apache.catalina.core.ApplicationContext.log Manager: restart: Reloading web application '/freezegroup2'
28-Sep-2024 23:56:17.025 INFO [http-nio-9999-exec-51] org.apache.catalina.core.ApplicationContext.log Manager: list: Listing contexts for virtual host 'localhost'
28-Sep-2024 23:56:17.033 INFO [http-nio-9999-exec-45] org.apache.catalina.core.ApplicationContext.log Manager: restart: Reloading web application '/freezegroup2'
28-Sep-2024 23:56:17.892 INFO [http-nio-9999-exec-61] org.apache.catalina.core.ApplicationContext.log Manager: list: Listing contexts for virtual host 'localhost'
28-Sep-2024 23:56:17.897 INFO [http-nio-9999-exec-62] org.apache.catalina.core.ApplicationContext.log Manager: restart: Reloading web application '/freezegroup2'
28-Sep-2024 23:56:48.377 INFO [http-nio-9999-exec-45] org.apache.catalina.core.ApplicationContext.log Manager: list: Listing contexts for virtual host 'localhost'
28-Sep-2024 23:56:48.381 INFO [http-nio-9999-exec-51] org.apache.catalina.core.ApplicationContext.log Manager: restart: Reloading web application '/freezegroup2'
28-Sep-2024 23:57:42.372 INFO [http-nio-9999-exec-57] org.apache.catalina.core.ApplicationContext.log Manager: list: Listing contexts for virtual host 'localhost'
28-Sep-2024 23:57:42.377 INFO [http-nio-9999-exec-65] org.apache.catalina.core.ApplicationContext.log Manager: restart: Reloading web application '/freezegroup2'
28-Sep-2024 23:57:51.606 INFO [http-nio-9999-exec-57] org.apache.catalina.core.ApplicationContext.log Manager: list: Listing contexts for virtual host 'localhost'
28-Sep-2024 23:57:51.619 INFO [http-nio-9999-exec-41] org.apache.catalina.core.ApplicationContext.log Manager: undeploy: Undeploying web application at '/freezegroup2'
28-Sep-2024 23:58:01.584 INFO [http-nio-9999-exec-61] org.apache.catalina.core.ApplicationContext.log Manager: list: Listing contexts for virtual host 'localhost'
28-Sep-2024 23:58:12.304 INFO [http-nio-9999-exec-45] org.apache.catalina.core.ApplicationContext.log Manager: list: Listing contexts for virtual host 'localhost'
28-Sep-2024 23:58:19.111 INFO [http-nio-9999-exec-51] org.apache.catalina.core.ApplicationContext.log Manager: list: Listing contexts for virtual host 'localhost'
28-Sep-2024 23:58:23.455 INFO [http-nio-9999-exec-69] org.apache.catalina.core.ApplicationContext.log Manager: list: Listing contexts for virtual host 'localhost'
28-Sep-2024 23:58:23.457 INFO [http-nio-9999-exec-66] org.apache.catalina.core.ApplicationContext.log Manager: list: Listing contexts for virtual host 'localhost'
28-Sep-2024 23:58:23.476 INFO [http-nio-9999-exec-56] org.apache.catalina.core.ApplicationContext.log Manager: install: Installing context configuration at 'file:/C:/Users/ACERAS~1/AppData/Local/Temp/context13779417018777874480.xml'
28-Sep-2024 23:58:24.034 INFO [http-nio-9999-exec-51] org.apache.catalina.core.ApplicationContext.log Manager: start: Starting web application '/freezegroup2'
28-Sep-2024 23:59:24.931 INFO [http-nio-9999-exec-69] org.apache.catalina.core.ApplicationContext.log Manager: list: Listing contexts for virtual host 'localhost'
28-Sep-2024 23:59:24.935 INFO [http-nio-9999-exec-68] org.apache.catalina.core.ApplicationContext.log Manager: restart: Reloading web application '/freezegroup2'
